{
  "RSpec": {
    "coverage": {
      "/Users/danielleinkster/Projects/makers/week9/bank/tech_test_1/spec/account_spec.rb": [
        null,
        1,
        null,
        1,
        10,
        null,
        1,
        1,
        null,
        null,
        1,
        1,
        null,
        null,
        1,
        1,
        1,
        1,
        null,
        null,
        1,
        1,
        2,
        null,
        null,
        1,
        1,
        1,
        null,
        null,
        null,
        1,
        1,
        4,
        null,
        null,
        1,
        1,
        1,
        null,
        null,
        1,
        1,
        2,
        null,
        null,
        1,
        1,
        2,
        null,
        null,
        1,
        1,
        1,
        null,
        null,
        null
      ],
      "/Users/danielleinkster/Projects/makers/week9/bank/tech_test_1/lib/account.rb": [
        1,
        null,
        1,
        1,
        null,
        1,
        9,
        9,
        null,
        null,
        1,
        3,
        2,
        2,
        2,
        null,
        null,
        1,
        4,
        null,
        3,
        2,
        2,
        2,
        null,
        null,
        1,
        null,
        1,
        2,
        null,
        null,
        1,
        2,
        null,
        null,
        1,
        6,
        null,
        null,
        null,
        1,
        2,
        null,
        null,
        null,
        null,
        null,
        2,
        null,
        null,
        1,
        2,
        null,
        null,
        null,
        null,
        null,
        2,
        null,
        null
      ],
      "/Users/danielleinkster/Projects/makers/week9/bank/tech_test_1/spec/statement_spec.rb": [
        1,
        null,
        1,
        3,
        3,
        null,
        1,
        1,
        null,
        null,
        1,
        null,
        1,
        1,
        1,
        null,
        null,
        null,
        null
      ],
      "/Users/danielleinkster/Projects/makers/week9/bank/tech_test_1/lib/statement.rb": [
        1,
        null,
        1,
        1,
        null,
        1,
        2,
        null,
        null,
        1,
        1,
        1,
        null,
        null,
        null,
        null,
        null,
        null,
        3,
        1,
        null,
        null,
        null,
        null
      ]
    },
    "timestamp": 1574108133
  }
}
